<?xml version="1.0" encoding="UTF-8"?>
<!-- Generated by org.testng.reporters.JUnitReportReporter -->
<testsuite hostname="DESKTOP-79OBDSS" failures="0" tests="1" name="com.iris22a.ProductTest" time="84.333" errors="0" timestamp="2022-07-31T23:34:17 IST" skipped="0">
  <testcase classname="com.iris22a.ProductTest" name="verifyCategryListForTopwear" time="84.333"/>
  <system-out/>
</testsuite> <!-- com.iris22a.ProductTest -->
