<?xml version="1.0" encoding="UTF-8"?>
<!-- Generated by org.testng.reporters.JUnitReportReporter -->
<testsuite hostname="DESKTOP-PLMGCHD" failures="0" tests="1" name="com.iris22a.MenTShirtTest" time="20.718" errors="0" timestamp="2022-08-05T18:38:57 IST" skipped="0">
  <testcase classname="com.iris22a.MenTShirtTest" name="verifySearchResultByPopularity" time="20.718"/>
  <system-out/>
</testsuite> <!-- com.iris22a.MenTShirtTest -->
