<?xml version="1.0" encoding="UTF-8"?>
<!-- Generated by org.testng.reporters.JUnitReportReporter -->
<testsuite hostname="DESKTOP-PLMGCHD" failures="0" tests="1" name="com.iris22a.kidtests.KidsProducts" time="383.173" errors="0" timestamp="2022-08-12T18:06:51 IST" skipped="0">
  <testcase classname="com.iris22a.kidtests.KidsProducts" name="checkBrokenUrls" time="383.173"/>
  <system-out/>
</testsuite> <!-- com.iris22a.kidtests.KidsProducts -->
