<?xml version="1.0" encoding="UTF-8"?>
<!-- Generated by org.testng.reporters.JUnitReportReporter -->
<testsuite hostname="KrishnaPC" failures="0" tests="1" name="com.iris22a.MenTShirtTest" time="14.744" errors="0" timestamp="2022-08-21T19:45:55 IST" skipped="0">
  <testcase classname="com.iris22a.MenTShirtTest" name="verifySearchResultByPopularity" time="14.744"/>
  <system-out/>
</testsuite> <!-- com.iris22a.MenTShirtTest -->
