<?xml version="1.0" encoding="UTF-8"?>
<!-- Generated by org.testng.reporters.JUnitReportReporter -->
<testsuite hostname="DESKTOP-PLMGCHD" failures="0" tests="1" name="com.iris22a.mentests.MenProducts" time="10.445" errors="0" timestamp="2022-08-22T20:28:00 IST" skipped="0">
  <testcase classname="com.iris22a.mentests.MenProducts" name="verifyClickCasualshirts" time="10.445"/>
  <system-out/>
</testsuite> <!-- com.iris22a.mentests.MenProducts -->
