<?xml version="1.0" encoding="UTF-8"?>
<!-- Generated by org.testng.reporters.JUnitReportReporter -->
<testsuite hostname="DESKTOP-79OBDSS" failures="0" tests="1" name="com.iris22a.kidtests.KidsProducts" time="51.557" errors="0" timestamp="2022-08-08T13:27:34 IST" skipped="0">
  <testcase classname="com.iris22a.kidtests.KidsProducts" name="verifyIfAllLinksHaveTexts" time="51.557"/>
  <system-out/>
</testsuite> <!-- com.iris22a.kidtests.KidsProducts -->
