<?xml version="1.0" encoding="UTF-8"?>
<!-- Generated by org.testng.reporters.JUnitReportReporter -->
<testsuite hostname="DESKTOP-PLMGCHD" failures="0" tests="1" name="com.iris22a.MenFormalShirtTest" time="66.547" errors="0" timestamp="2022-08-05T19:35:20 IST" skipped="0">
  <testcase classname="com.iris22a.MenFormalShirtTest" name="verifySearchResultByPopularity" time="66.547"/>
  <system-out/>
</testsuite> <!-- com.iris22a.MenFormalShirtTest -->
