<?xml version="1.0" encoding="UTF-8"?>
<!-- Generated by org.testng.reporters.JUnitReportReporter -->
<testsuite hostname="DESKTOP-79OBDSS" failures="0" tests="1" name="com.iris22a.ProductTest" time="60.183" errors="0" timestamp="2022-07-24T16:41:16 IST" skipped="0">
  <testcase classname="com.iris22a.ProductTest" name="verifySerchResultForPoloMen" time="60.183"/>
  <system-out/>
</testsuite> <!-- com.iris22a.ProductTest -->
