<?xml version="1.0" encoding="UTF-8"?>
<!-- Generated by org.testng.reporters.JUnitReportReporter -->
<testsuite hostname="DESKTOP-PLMGCHD" failures="0" tests="1" name="com.iris22a.MenFormalShirtTest" time="13.584" errors="0" timestamp="2022-08-12T16:02:27 IST" skipped="0">
  <testcase classname="com.iris22a.MenFormalShirtTest" name="verifySearchResultByPopularity" time="13.584"/>
  <system-out/>
</testsuite> <!-- com.iris22a.MenFormalShirtTest -->
