<?xml version="1.0" encoding="UTF-8"?>
<!-- Generated by org.testng.reporters.JUnitReportReporter -->
<testsuite hostname="KrishnaPC" failures="0" tests="1" name="com.iris22a.MenTShirtTest" time="10.482" errors="0" timestamp="2022-09-11T16:19:28 IST" skipped="0">
  <testcase classname="com.iris22a.MenTShirtTest" name="verifySearchResultByPopularity" time="10.482"/>
  <system-out/>
</testsuite> <!-- com.iris22a.MenTShirtTest -->
