<?xml version="1.0" encoding="UTF-8"?>
<!-- Generated by org.testng.reporters.JUnitReportReporter -->
<testsuite hostname="KrishnaPC" failures="0" tests="1" name="com.iris22a.MenTShirtTest" time="15.185" errors="0" timestamp="2022-08-01T20:50:33 IST" skipped="0">
  <testcase classname="com.iris22a.MenTShirtTest" name="verifySearchResultByPopularity" time="15.185"/>
  <system-out/>
</testsuite> <!-- com.iris22a.MenTShirtTest -->
