<?xml version="1.0" encoding="UTF-8"?>
<!-- Generated by org.testng.reporters.JUnitReportReporter -->
<testsuite hostname="KrishnaPC" failures="0" tests="1" name="com.iris22a.MenTShirtTest" time="16.714" errors="0" timestamp="2022-08-02T23:10:33 IST" skipped="0">
  <testcase classname="com.iris22a.MenTShirtTest" name="verifySearchResultByPopularity" time="16.714"/>
  <system-out/>
</testsuite> <!-- com.iris22a.MenTShirtTest -->
