<?xml version="1.0" encoding="UTF-8"?>
<!-- Generated by org.testng.reporters.JUnitReportReporter -->
<testsuite hostname="KrishnaPC" failures="0" tests="1" name="com.iris22a.ProductTest" time="10.734" errors="0" timestamp="2022-08-21T19:47:51 IST" skipped="0">
  <testcase classname="com.iris22a.ProductTest" name="verifyCategryListForTopwear" time="10.734"/>
  <system-out/>
</testsuite> <!-- com.iris22a.ProductTest -->
